[1112/192316.425:ERROR:process_info.cc(329)] VirtualQueryEx: Отказано в доступе. (0x5)
[1112/192316.427:ERROR:process_info.cc(556)] ReadMemoryInfo failed
[1112/192316.427:ERROR:process_memory_win.cc(39)] Failed to initialize ProcessInfo.
[1112/192316.427:ERROR:scoped_process_suspend.cc(40)] NtResumeProcess: Попытка доступа к процессу, выполняющему процедуру завершения. (0xc000010a)
[1112/193221.665:ERROR:process_info.cc(329)] VirtualQueryEx: Отказано в доступе. (0x5)
[1112/193221.666:ERROR:process_info.cc(556)] ReadMemoryInfo failed
[1112/193221.666:ERROR:process_memory_win.cc(39)] Failed to initialize ProcessInfo.
[1112/193221.667:ERROR:scoped_process_suspend.cc(40)] NtResumeProcess: Попытка доступа к процессу, выполняющему процедуру завершения. (0xc000010a)
[1112/201436.839:ERROR:process_info.cc(329)] VirtualQueryEx: Отказано в доступе. (0x5)
[1112/201436.841:ERROR:process_info.cc(556)] ReadMemoryInfo failed
[1112/201436.841:ERROR:process_memory_win.cc(39)] Failed to initialize ProcessInfo.
[1112/201436.841:ERROR:scoped_process_suspend.cc(40)] NtResumeProcess: Попытка доступа к процессу, выполняющему процедуру завершения. (0xc000010a)
[1112/233932.879:ERROR:directory_reader_win.cc(43)] FindFirstFile: Системе не удается найти указанный путь. (0x3)
[1113/121905.811:ERROR:directory_reader_win.cc(43)] FindFirstFile: Системе не удается найти указанный путь. (0x3)
[1113/124849.212:ERROR:directory_reader_win.cc(43)] FindFirstFile: Системе не удается найти указанный путь. (0x3)
[1113/125348.377:ERROR:directory_reader_win.cc(43)] FindFirstFile: Системе не удается найти указанный путь. (0x3)
[1113/134909.950:ERROR:process_info.cc(329)] VirtualQueryEx: Отказано в доступе. (0x5)
[1113/134909.980:ERROR:process_info.cc(556)] ReadMemoryInfo failed
[1113/134909.980:ERROR:process_memory_win.cc(39)] Failed to initialize ProcessInfo.
[1113/134909.980:ERROR:scoped_process_suspend.cc(40)] NtResumeProcess: Попытка доступа к процессу, выполняющему процедуру завершения. (0xc000010a)
[1113/141340.502:ERROR:process_info.cc(329)] VirtualQueryEx: Отказано в доступе. (0x5)
[1113/141340.600:ERROR:process_info.cc(556)] ReadMemoryInfo failed
[1113/141340.600:ERROR:scoped_process_suspend.cc(40)] NtResumeProcess: Попытка доступа к процессу, выполняющему процедуру завершения. (0xc000010a)
[1113/163155.612:ERROR:process_reader_win.cc(151)] SuspendThread: Отказано в доступе. (0x5)
[1113/163155.635:ERROR:exception_snapshot_win.cc(99)] thread ID 20784 not found in process
[1113/163155.636:ERROR:scoped_process_suspend.cc(40)] NtResumeProcess: Попытка доступа к процессу, выполняющему процедуру завершения. (0xc000010a)
[1113/163239.081:ERROR:process_reader_win.cc(151)] SuspendThread: Отказано в доступе. (0x5)
[1113/163239.084:ERROR:exception_snapshot_win.cc(99)] thread ID 11224 not found in process
